  stdafx.cpp
  AssemblyInfo.cpp
  ManagedInjector.cpp
  Generating Code...
  .NETFramework,Version=v4.7.1.AssemblyAttributes.cpp
  AssemblyInfo.obj : MSIL module encountered; incremental linking is disabled for MSIL; performing full link
     Creating library C:\Users\Ken\source\repos\Automations\x64\Debug\ManagedInjector.lib and object C:\Users\Ken\source\repos\Automations\x64\Debug\ManagedInjector.exp
ManagedInjector.obj : error LNK2028: unresolved token (0A000009) "extern "C" __int64 __cdecl CallNextHookEx(struct HHOOK__ *,int,unsigned __int64,__int64)" (?CallNextHookEx@@$$J0YA_JPEAUHHOOK__@@H_K_J@Z) referenced in function "__int64 __cdecl MessageHookProc(int,unsigned __int64,__int64)" (?MessageHookProc@@$$FYA_JH_K_J@Z)
ManagedInjector.obj : error LNK2028: unresolved token (0A000025) "extern "C" int __cdecl UnhookWindowsHookEx(struct HHOOK__ *)" (?UnhookWindowsHookEx@@$$J0YAHPEAUHHOOK__@@@Z) referenced in function "public: static void __clrcall ManagedInjector::Injector::Launch(class System::IntPtr,class System::String ^,class System::String ^,class System::String ^)" (?Launch@Injector@ManagedInjector@@$$FSMXVIntPtr@System@@PE$AAVString@4@11@Z)
ManagedInjector.obj : error LNK2028: unresolved token (0A000026) "extern "C" __int64 __cdecl SendMessageW(struct HWND__ *,unsigned int,unsigned __int64,__int64)" (?SendMessageW@@$$J0YA_JPEAUHWND__@@I_K_J@Z) referenced in function "extern "C" __int64 __cdecl SendMessage(struct HWND__ *,unsigned int,unsigned __int64,__int64)" (?SendMessage@@$$J0YA_JPEAUHWND__@@I_K_J@Z)
ManagedInjector.obj : error LNK2028: unresolved token (0A000028) "extern "C" struct HHOOK__ * __cdecl SetWindowsHookExW(int,__int64 (__cdecl*)(int,unsigned __int64,__int64),struct HINSTANCE__ *,unsigned long)" (?SetWindowsHookExW@@$$J0YAPEAUHHOOK__@@HP6A_JH_K_J@ZPEAUHINSTANCE__@@K@Z) referenced in function "public: static void __clrcall ManagedInjector::Injector::Launch(class System::IntPtr,class System::String ^,class System::String ^,class System::String ^)" (?Launch@Injector@ManagedInjector@@$$FSMXVIntPtr@System@@PE$AAVString@4@11@Z)
ManagedInjector.obj : error LNK2028: unresolved token (0A00002E) "extern "C" unsigned long __cdecl GetWindowThreadProcessId(struct HWND__ *,unsigned long *)" (?GetWindowThreadProcessId@@$$J0YAKPEAUHWND__@@PEAK@Z) referenced in function "public: static void __clrcall ManagedInjector::Injector::Launch(class System::IntPtr,class System::String ^,class System::String ^,class System::String ^)" (?Launch@Injector@ManagedInjector@@$$FSMXVIntPtr@System@@PE$AAVString@4@11@Z)
ManagedInjector.obj : error LNK2028: unresolved token (0A000031) "extern "C" unsigned int __cdecl RegisterWindowMessageW(wchar_t const *)" (?RegisterWindowMessageW@@$$J0YAIPEB_W@Z) referenced in function "void __clrcall `anonymous namespace'::`dynamic initializer for 'void __clrcall WM_GOBABYGO::A0x91aa6668(void)''(void)" (???__E?A0x91aa6668@WM_GOBABYGO@@YMXXZ@?A0x91aa6668@@$$FYMXXZ)
ManagedInjector.obj : error LNK2019: unresolved external symbol "extern "C" __int64 __cdecl CallNextHookEx(struct HHOOK__ *,int,unsigned __int64,__int64)" (?CallNextHookEx@@$$J0YA_JPEAUHHOOK__@@H_K_J@Z) referenced in function "__int64 __cdecl MessageHookProc(int,unsigned __int64,__int64)" (?MessageHookProc@@$$FYA_JH_K_J@Z)
ManagedInjector.obj : error LNK2019: unresolved external symbol "extern "C" __int64 __cdecl SendMessageW(struct HWND__ *,unsigned int,unsigned __int64,__int64)" (?SendMessageW@@$$J0YA_JPEAUHWND__@@I_K_J@Z) referenced in function "extern "C" __int64 __cdecl SendMessage(struct HWND__ *,unsigned int,unsigned __int64,__int64)" (?SendMessage@@$$J0YA_JPEAUHWND__@@I_K_J@Z)
ManagedInjector.obj : error LNK2019: unresolved external symbol "extern "C" unsigned long __cdecl GetWindowThreadProcessId(struct HWND__ *,unsigned long *)" (?GetWindowThreadProcessId@@$$J0YAKPEAUHWND__@@PEAK@Z) referenced in function "public: static void __clrcall ManagedInjector::Injector::Launch(class System::IntPtr,class System::String ^,class System::String ^,class System::String ^)" (?Launch@Injector@ManagedInjector@@$$FSMXVIntPtr@System@@PE$AAVString@4@11@Z)
ManagedInjector.obj : error LNK2019: unresolved external symbol "extern "C" struct HHOOK__ * __cdecl SetWindowsHookExW(int,__int64 (__cdecl*)(int,unsigned __int64,__int64),struct HINSTANCE__ *,unsigned long)" (?SetWindowsHookExW@@$$J0YAPEAUHHOOK__@@HP6A_JH_K_J@ZPEAUHINSTANCE__@@K@Z) referenced in function "public: static void __clrcall ManagedInjector::Injector::Launch(class System::IntPtr,class System::String ^,class System::String ^,class System::String ^)" (?Launch@Injector@ManagedInjector@@$$FSMXVIntPtr@System@@PE$AAVString@4@11@Z)
ManagedInjector.obj : error LNK2019: unresolved external symbol "extern "C" int __cdecl UnhookWindowsHookEx(struct HHOOK__ *)" (?UnhookWindowsHookEx@@$$J0YAHPEAUHHOOK__@@@Z) referenced in function "public: static void __clrcall ManagedInjector::Injector::Launch(class System::IntPtr,class System::String ^,class System::String ^,class System::String ^)" (?Launch@Injector@ManagedInjector@@$$FSMXVIntPtr@System@@PE$AAVString@4@11@Z)
ManagedInjector.obj : error LNK2019: unresolved external symbol "extern "C" unsigned int __cdecl RegisterWindowMessageW(wchar_t const *)" (?RegisterWindowMessageW@@$$J0YAIPEB_W@Z) referenced in function "void __clrcall `anonymous namespace'::`dynamic initializer for 'void __clrcall WM_GOBABYGO::A0x91aa6668(void)''(void)" (???__E?A0x91aa6668@WM_GOBABYGO@@YMXXZ@?A0x91aa6668@@$$FYMXXZ)
C:\Users\Ken\source\repos\Automations\x64\Debug\ManagedInjector.dll : fatal error LNK1120: 12 unresolved externals
